[UTIL]: Setting the config -c file to /usr/local/etc/flexric/flexric.conf
[UTIL]: Setting path -p for the shared libraries to /usr/local/lib/flexric/
[xAapp]: Initializing ... 
[xApp]: nearRT-RIC IP Address = 127.0.0.1, PORT = 36422
[E2 AGENT]: Opening plugin from path = /usr/local/lib/flexric/libtc_sm.so 
[E2 AGENT]: Opening plugin from path = /usr/local/lib/flexric/libpdcp_sm.so 
[E2 AGENT]: Opening plugin from path = /usr/local/lib/flexric/librc_sm.so 
[E2 AGENT]: Opening plugin from path = /usr/local/lib/flexric/libkpm_sm.so 
[E2 AGENT]: Opening plugin from path = /usr/local/lib/flexric/libslice_sm.so 
[E2 AGENT]: Opening plugin from path = /usr/local/lib/flexric/libgtp_sm.so 
[E2 AGENT]: Opening plugin from path = /usr/local/lib/flexric/libmac_sm.so 
[E2 AGENT]: Opening plugin from path = /usr/local/lib/flexric/librlc_sm.so 
[NEAR-RIC]: Loading SM ID = 146 with def = TC_STATS_V0 
[NEAR-RIC]: Loading SM ID = 144 with def = PDCP_STATS_V0 
[NEAR-RIC]: Loading SM ID = 3 with def = ORAN-E2SM-RC 
[NEAR-RIC]: Loading SM ID = 2 with def = ORAN-E2SM-KPM 
[NEAR-RIC]: Loading SM ID = 145 with def = SLICE_STATS_V0 
[NEAR-RIC]: Loading SM ID = 148 with def = GTP_STATS_V0 
[NEAR-RIC]: Loading SM ID = 142 with def = MAC_STATS_V0 
[NEAR-RIC]: Loading SM ID = 143 with def = RLC_STATS_V0 
[xApp]: DB filename = /tmp/xapp_db_1781646266939000 
 [xApp]: E42 SETUP-REQUEST tx
[xApp]: E42 SETUP-RESPONSE rx 
[xApp]: xApp ID = 7 
Connected E2 nodes = 1
[xApp]: E42 RIC SUBSCRIPTION REQUEST tx RAN_FUNC_ID 2 RIC_REQ_ID 1 
[xApp]: SUBSCRIPTION RESPONSE rx
[xApp]: Successfully subscribed to RAN_FUNC_ID 2 

      1 KPM ind_msg latency = 1781644488336638 [μs]
UE ID type = gNB, amf_ue_ngap_id = 3
ran_ue_id = 1
DRB.PdcpSduVolumeDL = 0 [Mb]
DRB.PdcpSduVolumeUL = 0 [Mb]
DRB.RlcSduDelayDl = 0.00 [μs]
DRB.UEThpDl = 16.89 [kbps]
DRB.UEThpUl = 19.34 [kbps]
RRU.PrbTotDl = 0 [%]
RRU.PrbTotUl = 1 [%]

      2 KPM ind_msg latency = 1781644489336560 [μs]
UE ID type = gNB, amf_ue_ngap_id = 3
ran_ue_id = 1
DRB.PdcpSduVolumeDL = 0 [Mb]
DRB.PdcpSduVolumeUL = 0 [Mb]
DRB.RlcSduDelayDl = 0.00 [μs]
DRB.UEThpDl = 3.72 [kbps]
DRB.UEThpUl = 3.72 [kbps]
RRU.PrbTotDl = 0 [%]
RRU.PrbTotUl = 2 [%]

      3 KPM ind_msg latency = 1781644490336603 [μs]
UE ID type = gNB, amf_ue_ngap_id = 3
ran_ue_id = 1
DRB.PdcpSduVolumeDL = 0 [Mb]
DRB.PdcpSduVolumeUL = 0 [Mb]
DRB.RlcSduDelayDl = 794.00 [μs]
DRB.UEThpDl = 3.72 [kbps]
DRB.UEThpUl = 3.72 [kbps]
RRU.PrbTotDl = 0 [%]
RRU.PrbTotUl = 2 [%]

      4 KPM ind_msg latency = 1781644491336564 [μs]
UE ID type = gNB, amf_ue_ngap_id = 3
ran_ue_id = 1
DRB.PdcpSduVolumeDL = 0 [Mb]
DRB.PdcpSduVolumeUL = 0 [Mb]
DRB.RlcSduDelayDl = 460.00 [μs]
DRB.UEThpDl = 3.72 [kbps]
DRB.UEThpUl = 3.72 [kbps]
RRU.PrbTotDl = 0 [%]
RRU.PrbTotUl = 2 [%]

      5 KPM ind_msg latency = 1781644492336460 [μs]
UE ID type = gNB, amf_ue_ngap_id = 3
ran_ue_id = 1
DRB.PdcpSduVolumeDL = 0 [Mb]
DRB.PdcpSduVolumeUL = 0 [Mb]
DRB.RlcSduDelayDl = 764.00 [μs]
DRB.UEThpDl = 3.72 [kbps]
DRB.UEThpUl = 3.72 [kbps]
RRU.PrbTotDl = 0 [%]
RRU.PrbTotUl = 2 [%]

      6 KPM ind_msg latency = 1781644493336409 [μs]
UE ID type = gNB, amf_ue_ngap_id = 3
ran_ue_id = 1
DRB.PdcpSduVolumeDL = 0 [Mb]
DRB.PdcpSduVolumeUL = 0 [Mb]
DRB.RlcSduDelayDl = 390.00 [μs]
DRB.UEThpDl = 3.72 [kbps]
DRB.UEThpUl = 3.72 [kbps]
RRU.PrbTotDl = 0 [%]
RRU.PrbTotUl = 2 [%]

      7 KPM ind_msg latency = 1781644494336815 [μs]
UE ID type = gNB, amf_ue_ngap_id = 3
ran_ue_id = 1
DRB.PdcpSduVolumeDL = 0 [Mb]
DRB.PdcpSduVolumeUL = 0 [Mb]
DRB.RlcSduDelayDl = 533.00 [μs]
DRB.UEThpDl = 3.72 [kbps]
DRB.UEThpUl = 3.72 [kbps]
RRU.PrbTotDl = 0 [%]
RRU.PrbTotUl = 2 [%]

      8 KPM ind_msg latency = 1781644495336769 [μs]
UE ID type = gNB, amf_ue_ngap_id = 3
ran_ue_id = 1
DRB.PdcpSduVolumeDL = 0 [Mb]
DRB.PdcpSduVolumeUL = 0 [Mb]
DRB.RlcSduDelayDl = 741.00 [μs]
DRB.UEThpDl = 3.72 [kbps]
DRB.UEThpUl = 3.72 [kbps]
RRU.PrbTotDl = 0 [%]
RRU.PrbTotUl = 2 [%]

      9 KPM ind_msg latency = 1781644496336662 [μs]
UE ID type = gNB, amf_ue_ngap_id = 3
ran_ue_id = 1
DRB.PdcpSduVolumeDL = 0 [Mb]
DRB.PdcpSduVolumeUL = 0 [Mb]
DRB.RlcSduDelayDl = 696.00 [μs]
DRB.UEThpDl = 3.72 [kbps]
DRB.UEThpUl = 3.72 [kbps]
RRU.PrbTotDl = 0 [%]
RRU.PrbTotUl = 2 [%]

     10 KPM ind_msg latency = 1781644497336585 [μs]
UE ID type = gNB, amf_ue_ngap_id = 3
ran_ue_id = 1
DRB.PdcpSduVolumeDL = 0 [Mb]
DRB.PdcpSduVolumeUL = 0 [Mb]
DRB.RlcSduDelayDl = 478.00 [μs]
DRB.UEThpDl = 3.72 [kbps]
DRB.UEThpUl = 3.72 [kbps]
RRU.PrbTotDl = 0 [%]
RRU.PrbTotUl = 2 [%]

     11 KPM ind_msg latency = 1781644498336454 [μs]
UE ID type = gNB, amf_ue_ngap_id = 3
ran_ue_id = 1
DRB.PdcpSduVolumeDL = 0 [Mb]
DRB.PdcpSduVolumeUL = 0 [Mb]
DRB.RlcSduDelayDl = 344.00 [μs]
DRB.UEThpDl = 3.72 [kbps]
DRB.UEThpUl = 3.72 [kbps]
RRU.PrbTotDl = 0 [%]
RRU.PrbTotUl = 2 [%]

     12 KPM ind_msg latency = 1781644499336536 [μs]
UE ID type = gNB, amf_ue_ngap_id = 3
ran_ue_id = 1
DRB.PdcpSduVolumeDL = 0 [Mb]
DRB.PdcpSduVolumeUL = 0 [Mb]
DRB.RlcSduDelayDl = 733.00 [μs]
DRB.UEThpDl = 3.72 [kbps]
DRB.UEThpUl = 3.72 [kbps]
RRU.PrbTotDl = 0 [%]
RRU.PrbTotUl = 2 [%]

     13 KPM ind_msg latency = 1781644500336557 [μs]
UE ID type = gNB, amf_ue_ngap_id = 3
ran_ue_id = 1
DRB.PdcpSduVolumeDL = 0 [Mb]
DRB.PdcpSduVolumeUL = 0 [Mb]
DRB.RlcSduDelayDl = 147.00 [μs]
DRB.UEThpDl = 3.72 [kbps]
DRB.UEThpUl = 3.72 [kbps]
RRU.PrbTotDl = 0 [%]
RRU.PrbTotUl = 2 [%]

     14 KPM ind_msg latency = 1781644501336376 [μs]
UE ID type = gNB, amf_ue_ngap_id = 3
ran_ue_id = 1
DRB.PdcpSduVolumeDL = 0 [Mb]
DRB.PdcpSduVolumeUL = 0 [Mb]
DRB.RlcSduDelayDl = 207.00 [μs]
DRB.UEThpDl = 3.72 [kbps]
DRB.UEThpUl = 3.72 [kbps]
RRU.PrbTotDl = 0 [%]
RRU.PrbTotUl = 2 [%]

     15 KPM ind_msg latency = 1781644502336612 [μs]
UE ID type = gNB, amf_ue_ngap_id = 3
ran_ue_id = 1
DRB.PdcpSduVolumeDL = 0 [Mb]
DRB.PdcpSduVolumeUL = 0 [Mb]
DRB.RlcSduDelayDl = 334.00 [μs]
DRB.UEThpDl = 3.72 [kbps]
DRB.UEThpUl = 3.72 [kbps]
RRU.PrbTotDl = 0 [%]
RRU.PrbTotUl = 2 [%]

     16 KPM ind_msg latency = 1781644503336783 [μs]
UE ID type = gNB, amf_ue_ngap_id = 3
ran_ue_id = 1
DRB.PdcpSduVolumeDL = 0 [Mb]
DRB.PdcpSduVolumeUL = 0 [Mb]
DRB.RlcSduDelayDl = 233.00 [μs]
DRB.UEThpDl = 3.72 [kbps]
DRB.UEThpUl = 3.72 [kbps]
RRU.PrbTotDl = 0 [%]
RRU.PrbTotUl = 2 [%]

     17 KPM ind_msg latency = 1781644504337446 [μs]
UE ID type = gNB, amf_ue_ngap_id = 3
ran_ue_id = 1
DRB.PdcpSduVolumeDL = 0 [Mb]
DRB.PdcpSduVolumeUL = 0 [Mb]
DRB.RlcSduDelayDl = 189.00 [μs]
DRB.UEThpDl = 3.72 [kbps]
DRB.UEThpUl = 3.72 [kbps]
RRU.PrbTotDl = 0 [%]
RRU.PrbTotUl = 2 [%]

     18 KPM ind_msg latency = 1781644505337241 [μs]
UE ID type = gNB, amf_ue_ngap_id = 3
ran_ue_id = 1
DRB.PdcpSduVolumeDL = 0 [Mb]
DRB.PdcpSduVolumeUL = 0 [Mb]
DRB.RlcSduDelayDl = 172.00 [μs]
DRB.UEThpDl = 3.72 [kbps]
DRB.UEThpUl = 3.72 [kbps]
RRU.PrbTotDl = 0 [%]
RRU.PrbTotUl = 2 [%]

     19 KPM ind_msg latency = 1781644506337066 [μs]
UE ID type = gNB, amf_ue_ngap_id = 3
ran_ue_id = 1
DRB.PdcpSduVolumeDL = 0 [Mb]
DRB.PdcpSduVolumeUL = 0 [Mb]
DRB.RlcSduDelayDl = 414.00 [μs]
DRB.UEThpDl = 3.72 [kbps]
DRB.UEThpUl = 3.72 [kbps]
RRU.PrbTotDl = 0 [%]
RRU.PrbTotUl = 2 [%]

     20 KPM ind_msg latency = 1781644507336546 [μs]
UE ID type = gNB, amf_ue_ngap_id = 3
ran_ue_id = 1
DRB.PdcpSduVolumeDL = 0 [Mb]
DRB.PdcpSduVolumeUL = 0 [Mb]
DRB.RlcSduDelayDl = 727.00 [μs]
DRB.UEThpDl = 3.72 [kbps]
DRB.UEThpUl = 3.72 [kbps]
RRU.PrbTotDl = 0 [%]
RRU.PrbTotUl = 2 [%]

     21 KPM ind_msg latency = 1781644508336541 [μs]
UE ID type = gNB, amf_ue_ngap_id = 3
ran_ue_id = 1
DRB.PdcpSduVolumeDL = 0 [Mb]
DRB.PdcpSduVolumeUL = 0 [Mb]
DRB.RlcSduDelayDl = 92.00 [μs]
DRB.UEThpDl = 3.72 [kbps]
DRB.UEThpUl = 3.72 [kbps]
RRU.PrbTotDl = 0 [%]
RRU.PrbTotUl = 2 [%]

     22 KPM ind_msg latency = 1781644509337469 [μs]
UE ID type = gNB, amf_ue_ngap_id = 3
ran_ue_id = 1
DRB.PdcpSduVolumeDL = 0 [Mb]
DRB.PdcpSduVolumeUL = 0 [Mb]
DRB.RlcSduDelayDl = 561.00 [μs]
DRB.UEThpDl = 3.72 [kbps]
DRB.UEThpUl = 3.72 [kbps]
RRU.PrbTotDl = 0 [%]
RRU.PrbTotUl = 2 [%]

     23 KPM ind_msg latency = 1781644510336547 [μs]
UE ID type = gNB, amf_ue_ngap_id = 3
ran_ue_id = 1
DRB.PdcpSduVolumeDL = 0 [Mb]
DRB.PdcpSduVolumeUL = 0 [Mb]
DRB.RlcSduDelayDl = 660.00 [μs]
DRB.UEThpDl = 3.72 [kbps]
DRB.UEThpUl = 3.72 [kbps]
RRU.PrbTotDl = 0 [%]
RRU.PrbTotUl = 2 [%]

     24 KPM ind_msg latency = 1781644511336703 [μs]
UE ID type = gNB, amf_ue_ngap_id = 3
ran_ue_id = 1
DRB.PdcpSduVolumeDL = 0 [Mb]
DRB.PdcpSduVolumeUL = 0 [Mb]
DRB.RlcSduDelayDl = 1042.00 [μs]
DRB.UEThpDl = 3.72 [kbps]
DRB.UEThpUl = 3.72 [kbps]
RRU.PrbTotDl = 0 [%]
RRU.PrbTotUl = 2 [%]

     25 KPM ind_msg latency = 1781644512336362 [μs]
UE ID type = gNB, amf_ue_ngap_id = 3
ran_ue_id = 1
DRB.PdcpSduVolumeDL = 0 [Mb]
DRB.PdcpSduVolumeUL = 0 [Mb]
DRB.RlcSduDelayDl = 220.00 [μs]
DRB.UEThpDl = 3.72 [kbps]
DRB.UEThpUl = 3.70 [kbps]
RRU.PrbTotDl = 0 [%]
RRU.PrbTotUl = 2 [%]

     26 KPM ind_msg latency = 1781644513337048 [μs]
UE ID type = gNB, amf_ue_ngap_id = 3
ran_ue_id = 1
DRB.PdcpSduVolumeDL = 0 [Mb]
DRB.PdcpSduVolumeUL = 0 [Mb]
DRB.RlcSduDelayDl = 330.00 [μs]
DRB.UEThpDl = 3.72 [kbps]
DRB.UEThpUl = 3.74 [kbps]
RRU.PrbTotDl = 0 [%]
RRU.PrbTotUl = 2 [%]

     27 KPM ind_msg latency = 1781644514337167 [μs]
UE ID type = gNB, amf_ue_ngap_id = 3
ran_ue_id = 1
DRB.PdcpSduVolumeDL = 0 [Mb]
DRB.PdcpSduVolumeUL = 0 [Mb]
DRB.RlcSduDelayDl = 430.00 [μs]
DRB.UEThpDl = 3.72 [kbps]
DRB.UEThpUl = 3.72 [kbps]
RRU.PrbTotDl = 0 [%]
RRU.PrbTotUl = 2 [%]

     28 KPM ind_msg latency = 1781644515336767 [μs]
UE ID type = gNB, amf_ue_ngap_id = 3
ran_ue_id = 1
DRB.PdcpSduVolumeDL = 0 [Mb]
DRB.PdcpSduVolumeUL = 0 [Mb]
DRB.RlcSduDelayDl = 611.00 [μs]
DRB.UEThpDl = 3.72 [kbps]
DRB.UEThpUl = 3.72 [kbps]
RRU.PrbTotDl = 0 [%]
RRU.PrbTotUl = 2 [%]

     29 KPM ind_msg latency = 1781644516336111 [μs]
UE ID type = gNB, amf_ue_ngap_id = 3
ran_ue_id = 1
DRB.PdcpSduVolumeDL = 0 [Mb]
DRB.PdcpSduVolumeUL = 0 [Mb]
DRB.RlcSduDelayDl = 0.00 [μs]
DRB.UEThpDl = 1.49 [kbps]
DRB.UEThpUl = 1.49 [kbps]
RRU.PrbTotDl = 0 [%]
RRU.PrbTotUl = 2 [%]

     30 KPM ind_msg latency = 1781644517336167 [μs]
UE ID type = gNB, amf_ue_ngap_id = 3
ran_ue_id = 1
DRB.PdcpSduVolumeDL = 0 [Mb]
DRB.PdcpSduVolumeUL = 0 [Mb]
DRB.RlcSduDelayDl = 726.50 [μs]
DRB.UEThpDl = 5.13 [kbps]
DRB.UEThpUl = 5.13 [kbps]
RRU.PrbTotDl = 2 [%]
RRU.PrbTotUl = 2 [%]
[xApp]: E42 RIC_SUBSCRIPTION_DELETE_REQUEST tx RAN_FUNC_ID 2 RIC_REQ_ID 1 
[xApp]: E42 SUBSCRIPTION DELETE RESPONSE rx
[xApp]: Successfully stopped 
Test xApp run SUCCESSFULLY
